{
  "RSpec": {
    "coverage": {
      "/Users/o607771/Documents/git_repositories/werd/lib/werd/dictionary.rb": [
        1,
        1,
        null,
        1,
        3,
        null,
        null,
        1,
        3,
        3,
        241107,
        241107,
        null,
        null,
        3,
        null,
        null,
        1,
        3,
        null,
        null,
        1,
        1,
        1,
        null,
        null,
        1,
        0,
        null,
        null,
        1,
        0,
        null,
        null,
        null
      ],
      "/Users/o607771/Documents/git_repositories/werd/lib/werd/solver/overlap.rb": [
        1,
        1,
        1,
        1,
        1,
        null,
        null,
        1,
        0,
        null,
        0,
        null,
        null,
        1,
        0,
        0,
        null,
        null,
        null,
        null
      ],
      "/Users/o607771/Documents/git_repositories/werd/lib/werd/solver/scrabble_solver.rb": [
        1,
        1,
        1,
        1,
        0,
        null,
        null,
        null,
        null
      ],
      "/Users/o607771/Documents/git_repositories/werd/lib/werd/solver.rb": [
        1,
        1,
        1,
        1,
        1,
        null,
        null,
        null
      ],
      "/Users/o607771/Documents/git_repositories/werd/lib/werd.rb": [
        1,
        null,
        1,
        1,
        1,
        null,
        null,
        1,
        3,
        null,
        null,
        null,
        null,
        null
      ]
    },
    "timestamp": 1429197654
  }
}
