{
  "RSpec": {
    "coverage": {
      "/Users/o607771/Documents/git_repositories/werd/lib/werd.rb": [
        1,
        null,
        1,
        null,
        1,
        1,
        null,
        null,
        1,
        2,
        null,
        null,
        null,
        null,
        null
      ],
      "/Users/o607771/Documents/git_repositories/werd/lib/werd/dictionary.rb": [
        1,
        1,
        null,
        1,
        2,
        null,
        null,
        1,
        3,
        null,
        null,
        1,
        2,
        2,
        160738,
        160738,
        null,
        null,
        2,
        null,
        null,
        1,
        1,
        1,
        null,
        null,
        null
      ]
    },
    "timestamp": 1428697768
  }
}
